<?xml version="1.0" encoding="UTF-8"?>
<testng-results ignored="0" total="1" passed="0" failed="1" skipped="0">
  <reporter-output>
    <line>
      <![CDATA[Datebase connectivity--beforesuite]]>
    </line>
    <line>
      <![CDATA[Parallel--beforetest]]>
    </line>
    <line>
      <![CDATA[createProductTestExecution started]]>
    </line>
    <line>
      <![CDATA[createProductTestExecution failed]]>
    </line>
    <line>
      <![CDATA[Parallel--aftertest]]>
    </line>
    <line>
      <![CDATA[closing Datebase connectivity--beforesuite]]>
    </line>
  </reporter-output>
  <suite started-at="2026-01-30T17:30:07 IST" name="Default suite" finished-at="2026-01-30T17:30:23 IST" duration-ms="16058">
    <groups>
    </groups>
    <test started-at="2026-01-30T17:30:07 IST" name="Default test" finished-at="2026-01-30T17:30:23 IST" duration-ms="16058">
      <class name="product.ProductTest">
        <test-method is-config="true" signature="beforesuite()[pri:0, instance:product.ProductTest@639c2c1d]" started-at="2026-01-30T17:30:07 IST" name="beforesuite" finished-at="2026-01-30T17:30:07 IST" duration-ms="5" status="PASS">
          <reporter-output>
            <line>
              <![CDATA[Datebase connectivity--beforesuite]]>
            </line>
          </reporter-output>
        </test-method> <!-- beforesuite -->
        <test-method is-config="true" signature="beforetest()[pri:0, instance:product.ProductTest@639c2c1d]" started-at="2026-01-30T17:30:07 IST" name="beforetest" finished-at="2026-01-30T17:30:07 IST" duration-ms="0" status="PASS">
          <reporter-output>
            <line>
              <![CDATA[Parallel--beforetest]]>
            </line>
          </reporter-output>
        </test-method> <!-- beforetest -->
        <test-method is-config="true" signature="beforeclass()[pri:0, instance:product.ProductTest@639c2c1d]" started-at="2026-01-30T17:30:07 IST" name="beforeclass" finished-at="2026-01-30T17:30:09 IST" duration-ms="1806" status="PASS">
          <reporter-output>
          </reporter-output>
        </test-method> <!-- beforeclass -->
        <test-method is-config="true" signature="beforemethod()[pri:0, instance:product.ProductTest@639c2c1d]" started-at="2026-01-30T17:30:09 IST" name="beforemethod" finished-at="2026-01-30T17:30:11 IST" duration-ms="1875" status="PASS">
          <reporter-output>
          </reporter-output>
        </test-method> <!-- beforemethod -->
        <test-method signature="createProductTest()[pri:0, instance:product.ProductTest@639c2c1d]" started-at="2026-01-30T17:30:11 IST" name="createProductTest" finished-at="2026-01-30T17:30:22 IST" duration-ms="11089" status="FAIL">
          <exception class="org.openqa.selenium.NoSuchElementException">
            <message>
              <![CDATA[Cannot locate option with text: Vendor_93777 - (Electronics)
For documentation on this error, please visit: https://www.selenium.dev/documentation/webdriver/troubleshooting/errors#nosuchelementexception
Build info: version: '4.38.0', revision: '6b412e825c*'
System info: os.name: 'Mac OS X', os.arch: 'aarch64', os.version: '14.6.1', java.version: '21.0.7'
Driver info: driver.version: unknown]]>
            </message>
            <full-stacktrace>
              <![CDATA[org.openqa.selenium.NoSuchElementException: Cannot locate option with text: Vendor_93777 - (Electronics)
For documentation on this error, please visit: https://www.selenium.dev/documentation/webdriver/troubleshooting/errors#nosuchelementexception
Build info: version: '4.38.0', revision: '6b412e825c*'
System info: os.name: 'Mac OS X', os.arch: 'aarch64', os.version: '14.6.1', java.version: '21.0.7'
Driver info: driver.version: unknown
at org.openqa.selenium.support.ui.Select.selectByVisibleText(Select.java:397)
at org.openqa.selenium.support.ui.Select.selectByVisibleText(Select.java:125)
at genericUtility.WebDriverUtility.selectByVisibleText(WebDriverUtility.java:51)
at product.ProductTest.createProductTest(ProductTest.java:41)
at java.base/jdk.internal.reflect.DirectMethodHandleAccessor.invoke(DirectMethodHandleAccessor.java:103)
at java.base/java.lang.reflect.Method.invoke(Method.java:580)
at org.testng.internal.invokers.MethodInvocationHelper.invokeMethod(MethodInvocationHelper.java:141)
at org.testng.internal.invokers.TestInvoker.invokeMethod(TestInvoker.java:686)
at org.testng.internal.invokers.TestInvoker.invokeTestMethod(TestInvoker.java:230)
at org.testng.internal.invokers.MethodRunner.runInSequence(MethodRunner.java:63)
at org.testng.internal.invokers.TestInvoker$MethodInvocationAgent.invoke(TestInvoker.java:992)
at org.testng.internal.invokers.TestInvoker.invokeTestMethods(TestInvoker.java:203)
at org.testng.internal.invokers.TestMethodWorker.invokeTestMethods(TestMethodWorker.java:154)
at org.testng.internal.invokers.TestMethodWorker.run(TestMethodWorker.java:134)
at java.base/java.util.ArrayList.forEach(ArrayList.java:1596)
at org.testng.TestRunner.privateRun(TestRunner.java:739)
at org.testng.TestRunner.run(TestRunner.java:614)
at org.testng.SuiteRunner.runTest(SuiteRunner.java:421)
at org.testng.SuiteRunner.runSequentially(SuiteRunner.java:413)
at org.testng.SuiteRunner.privateRun(SuiteRunner.java:373)
at org.testng.SuiteRunner.run(SuiteRunner.java:312)
at org.testng.SuiteRunnerWorker.runSuite(SuiteRunnerWorker.java:52)
at org.testng.SuiteRunnerWorker.run(SuiteRunnerWorker.java:95)
at org.testng.TestNG.runSuitesSequentially(TestNG.java:1274)
at org.testng.TestNG.runSuitesLocally(TestNG.java:1208)
at org.testng.TestNG.runSuites(TestNG.java:1112)
at org.testng.TestNG.run(TestNG.java:1079)
at org.testng.remote.AbstractRemoteTestNG.run(AbstractRemoteTestNG.java:115)
at org.testng.remote.RemoteTestNG.initAndRun(RemoteTestNG.java:293)
at org.testng.remote.RemoteTestNG.main(RemoteTestNG.java:91)
]]>
            </full-stacktrace>
          </exception> <!-- org.openqa.selenium.NoSuchElementException -->
          <reporter-output>
            <line>
              <![CDATA[createProductTestExecution started]]>
            </line>
            <line>
              <![CDATA[createProductTestExecution failed]]>
            </line>
          </reporter-output>
        </test-method> <!-- createProductTest -->
        <test-method is-config="true" signature="aftermethod()[pri:0, instance:product.ProductTest@639c2c1d]" started-at="2026-01-30T17:30:22 IST" name="aftermethod" finished-at="2026-01-30T17:30:23 IST" duration-ms="1035" status="PASS">
          <reporter-output>
          </reporter-output>
        </test-method> <!-- aftermethod -->
        <test-method is-config="true" signature="afterclass()[pri:0, instance:product.ProductTest@639c2c1d]" started-at="2026-01-30T17:30:23 IST" name="afterclass" finished-at="2026-01-30T17:30:23 IST" duration-ms="116" status="PASS">
          <reporter-output>
          </reporter-output>
        </test-method> <!-- afterclass -->
        <test-method is-config="true" signature="aftertest()[pri:0, instance:product.ProductTest@639c2c1d]" started-at="2026-01-30T17:30:23 IST" name="aftertest" finished-at="2026-01-30T17:30:23 IST" duration-ms="0" status="PASS">
          <reporter-output>
            <line>
              <![CDATA[Parallel--aftertest]]>
            </line>
          </reporter-output>
        </test-method> <!-- aftertest -->
        <test-method is-config="true" signature="aftersuite()[pri:0, instance:product.ProductTest@639c2c1d]" started-at="2026-01-30T17:30:23 IST" name="aftersuite" finished-at="2026-01-30T17:30:23 IST" duration-ms="0" status="PASS">
          <reporter-output>
            <line>
              <![CDATA[closing Datebase connectivity--beforesuite]]>
            </line>
          </reporter-output>
        </test-method> <!-- aftersuite -->
      </class> <!-- product.ProductTest -->
    </test> <!-- Default test -->
  </suite> <!-- Default suite -->
</testng-results>
