<?xml version="1.0" encoding="UTF-8"?>
<!-- Generated by org.testng.reporters.JUnitReportReporter -->
<testsuite hostname="yaminis-MacBook-Air.local" failures="0" tests="1" name="Assignment.saucelabs" time="1.299" errors="0" timestamp="2026-01-29T22:35:05 IST" skipped="0">
  <testcase classname="Assignment.saucelabs" name="purchaseProductTest" time="1.299">
    <system-out>
      <![CDATA[purchaseProductTestExecution started
purchaseProductTestExecution completed successfully]]>
    </system-out>
  </testcase> <!-- purchaseProductTest -->
  <system-out>
    <![CDATA[Datebase connectivity--beforesuite
Parallel--beforetest
purchaseProductTestExecution started
purchaseProductTestExecution completed successfully
aftermethod
Parallel--aftertest
closing Datebase connectivity--beforesuite]]>
  </system-out>
</testsuite> <!-- Assignment.saucelabs -->
